<?xml version="1.0" encoding="UTF-8"?>
<!-- Generated by org.testng.reporters.JUnitReportReporter -->
<testsuite hostname="HpT-PC" failures="0" tests="2" name="taketest.NewTest" time="15.111" errors="0" timestamp="14 Mar 2018 09:59:16 GMT" skipped="0">
  <testcase classname="taketest.NewTest" name="f" time="4.996"/>
  <testcase classname="taketest.NewTest" name="login" time="10.115"/>
</testsuite> <!-- taketest.NewTest -->
