<?xml version="1.0" encoding="UTF-8"?>
<!-- Generated by org.testng.reporters.JUnitReportReporter -->
<testsuite hostname="HpT-PC" failures="0" tests="1" name="login.Login_email_valid" time="9.323" errors="0" timestamp="14 Mar 2018 09:03:07 GMT" skipped="0">
  <testcase classname="login.Login_email_valid" name="login_valid" time="9.323"/>
</testsuite> <!-- login.Login_email_valid -->
