<?xml version="1.0" encoding="UTF-8"?>
<!-- Generated by org.testng.reporters.JUnitReportReporter -->
<testsuite hostname="HpT-PC" failures="0" tests="1" name="common.Login" time="8.977" errors="0" timestamp="14 Mar 2018 10:46:34 GMT" skipped="0">
  <testcase classname="common.Login" name="login" time="8.977"/>
</testsuite> <!-- common.Login -->
