<?xml version="1.0" encoding="UTF-8"?>
<!-- Generated by org.testng.reporters.JUnitReportReporter -->
<testsuite hostname="HpT-PC" failures="0" tests="1" name="testNGPack.NewTest" time="12.882" errors="0" timestamp="14 Mar 2018 08:44:25 GMT" skipped="0">
  <testcase classname="testNGPack.NewTest" name="login_valid" time="12.882"/>
</testsuite> <!-- testNGPack.NewTest -->
