<?xml version="1.0" encoding="UTF-8"?>
<!-- Generated by org.testng.reporters.JUnitReportReporter -->
<testsuite hostname="HpT-PC" failures="0" tests="1" name="login.CSVTest" time="20.532" errors="0" timestamp="14 Mar 2018 09:22:11 GMT" skipped="0">
  <testcase classname="login.CSVTest" name="csvtest" time="20.532"/>
</testsuite> <!-- login.CSVTest -->
